Job started at Sat 19 Jul 07:52:23 BST 2025 on cx3-11-7.cx3.hpc.ic.ac.uk
Class weights (Alive, Dead): [0.00031407 0.00055556]
Train set: 50 slides, 4984 patches
  Avg patches/slide: 99.7, min: 84, max: 100
Val set: 59 slides, 5900 patches
  Avg patches/slide: 100.0, min: 100, max: 100
Patch-level Confusion Matrix:
[[2526 1474]
 [1021  879]]
Slide-level accuracy: 0.678
Job ended at Sat 19 Jul 08:09:26 BST 2025
Job started at Sun 20 Jul 02:30:02 BST 2025 on cx3-11-4.cx3.hpc.ic.ac.uk
Class weights (Alive, Dead): [0.0003125  0.00055556]
Train set: 50 slides, 5000 patches
  Avg patches/slide: 100.0, min: 100, max: 100
Val set: 100 slides, 9861 patches
  Avg patches/slide: 98.6, min: 19, max: 100
Patch-level Confusion Matrix:
[[3438 3823]
 [1006 1594]]
Slide-level accuracy: 0.480
Saved confusion matrix as results/plots/CNN_binary_images50_slide_confusion_matrix_epoch1.png/pdf
Slide-level Confusion Matrix:
[[27 47]
 [ 5 21]]
Slide-level classification report:
              precision    recall  f1-score   support

       Alive       0.84      0.36      0.51        74
        Dead       0.31      0.81      0.45        26

    accuracy                           0.48       100
   macro avg       0.58      0.59      0.48       100
weighted avg       0.70      0.48      0.49       100

Job ended at Sun 20 Jul 02:52:02 BST 2025
Job started at Sun 20 Jul 11:33:47 BST 2025 on cx3-11-7.cx3.hpc.ic.ac.uk
Class weights (Alive, Dead): [0.0003125  0.00055556]
Train set: 50 slides, 5000 patches
  Avg patches/slide: 100.0, min: 100, max: 100
Val set: 100 slides, 9861 patches
  Avg patches/slide: 98.6, min: 19, max: 100
Patch-level Confusion Matrix:
[[3613 3648]
 [1061 1539]]
Slide-level accuracy: 0.550
Saved confusion matrix as results/plots/CNN_binary_images50_slide_confusion_matrix_epoch1.png/pdf
Slide-level Confusion Matrix:
[[36 38]
 [ 7 19]]
Slide-level classification report:
              precision    recall  f1-score   support

       Alive       0.84      0.49      0.62        74
        Dead       0.33      0.73      0.46        26

    accuracy                           0.55       100
   macro avg       0.59      0.61      0.54       100
weighted avg       0.71      0.55      0.57       100

Epoch 1/20 | Train Loss: 0.6671 | Train Acc: 0.580 | Val Loss: 0.7240 | Val Acc: 0.522 | Slide Acc: 0.550
Patch-level Confusion Matrix:
[[3941 3320]
 [1093 1507]]
Slide-level accuracy: 0.620
Saved confusion matrix as results/plots/CNN_binary_images50_slide_confusion_matrix_epoch2.png/pdf
Slide-level Confusion Matrix:
[[43 31]
 [ 7 19]]
Slide-level classification report:
              precision    recall  f1-score   support

       Alive       0.86      0.58      0.69        74
        Dead       0.38      0.73      0.50        26

    accuracy                           0.62       100
   macro avg       0.62      0.66      0.60       100
weighted avg       0.74      0.62      0.64       100

Epoch 2/20 | Train Loss: 0.6091 | Train Acc: 0.662 | Val Loss: 0.7541 | Val Acc: 0.552 | Slide Acc: 0.620
Patch-level Confusion Matrix:
[[3625 3636]
 [ 968 1632]]
Slide-level accuracy: 0.590
Saved confusion matrix as results/plots/CNN_binary_images50_slide_confusion_matrix_epoch3.png/pdf
Slide-level Confusion Matrix:
[[37 37]
 [ 4 22]]
Slide-level classification report:
              precision    recall  f1-score   support

       Alive       0.90      0.50      0.64        74
        Dead       0.37      0.85      0.52        26

    accuracy                           0.59       100
   macro avg       0.64      0.67      0.58       100
weighted avg       0.76      0.59      0.61       100

Epoch 3/20 | Train Loss: 0.5627 | Train Acc: 0.703 | Val Loss: 0.8180 | Val Acc: 0.533 | Slide Acc: 0.590
Patch-level Confusion Matrix:
[[4078 3183]
 [1124 1476]]
Slide-level accuracy: 0.630
Saved confusion matrix as results/plots/CNN_binary_images50_slide_confusion_matrix_epoch4.png/pdf
Slide-level Confusion Matrix:
[[48 26]
 [11 15]]
Slide-level classification report:
              precision    recall  f1-score   support

       Alive       0.81      0.65      0.72        74
        Dead       0.37      0.58      0.45        26

    accuracy                           0.63       100
   macro avg       0.59      0.61      0.58       100
weighted avg       0.70      0.63      0.65       100

Epoch 4/20 | Train Loss: 0.5306 | Train Acc: 0.718 | Val Loss: 0.7944 | Val Acc: 0.563 | Slide Acc: 0.630
Patch-level Confusion Matrix:
[[3929 3332]
 [1022 1578]]
Slide-level accuracy: 0.610
Saved confusion matrix as results/plots/CNN_binary_images50_slide_confusion_matrix_epoch5.png/pdf
Slide-level Confusion Matrix:
[[42 32]
 [ 7 19]]
Slide-level classification report:
              precision    recall  f1-score   support

       Alive       0.86      0.57      0.68        74
        Dead       0.37      0.73      0.49        26

    accuracy                           0.61       100
   macro avg       0.61      0.65      0.59       100
weighted avg       0.73      0.61      0.63       100

Epoch 5/20 | Train Loss: 0.4947 | Train Acc: 0.744 | Val Loss: 0.8037 | Val Acc: 0.558 | Slide Acc: 0.610
Patch-level Confusion Matrix:
[[3543 3718]
 [ 855 1745]]
Slide-level accuracy: 0.530
Saved confusion matrix as results/plots/CNN_binary_images50_slide_confusion_matrix_epoch6.png/pdf
Slide-level Confusion Matrix:
[[30 44]
 [ 3 23]]
Slide-level classification report:
              precision    recall  f1-score   support

       Alive       0.91      0.41      0.56        74
        Dead       0.34      0.88      0.49        26

    accuracy                           0.53       100
   macro avg       0.63      0.65      0.53       100
weighted avg       0.76      0.53      0.54       100

Epoch 6/20 | Train Loss: 0.4792 | Train Acc: 0.761 | Val Loss: 0.9134 | Val Acc: 0.536 | Slide Acc: 0.530
Patch-level Confusion Matrix:
[[3952 3309]
 [1029 1571]]
Slide-level accuracy: 0.620
Saved confusion matrix as results/plots/CNN_binary_images50_slide_confusion_matrix_epoch7.png/pdf
Slide-level Confusion Matrix:
[[43 31]
 [ 7 19]]
Slide-level classification report:
              precision    recall  f1-score   support

       Alive       0.86      0.58      0.69        74
        Dead       0.38      0.73      0.50        26

    accuracy                           0.62       100
   macro avg       0.62      0.66      0.60       100
weighted avg       0.74      0.62      0.64       100

Epoch 7/20 | Train Loss: 0.4615 | Train Acc: 0.781 | Val Loss: 0.8610 | Val Acc: 0.560 | Slide Acc: 0.620
Patch-level Confusion Matrix:
[[3592 3669]
 [ 875 1725]]
Slide-level accuracy: 0.560
Saved confusion matrix as results/plots/CNN_binary_images50_slide_confusion_matrix_epoch8.png/pdf
Slide-level Confusion Matrix:
[[33 41]
 [ 3 23]]
Slide-level classification report:
              precision    recall  f1-score   support

       Alive       0.92      0.45      0.60        74
        Dead       0.36      0.88      0.51        26

    accuracy                           0.56       100
   macro avg       0.64      0.67      0.56       100
weighted avg       0.77      0.56      0.58       100

Epoch 8/20 | Train Loss: 0.4450 | Train Acc: 0.784 | Val Loss: 0.9758 | Val Acc: 0.539 | Slide Acc: 0.560
Patch-level Confusion Matrix:
[[3625 3636]
 [ 868 1732]]
Slide-level accuracy: 0.570
Saved confusion matrix as results/plots/CNN_binary_images50_slide_confusion_matrix_epoch9.png/pdf
Slide-level Confusion Matrix:
[[34 40]
 [ 3 23]]
Slide-level classification report:
              precision    recall  f1-score   support

       Alive       0.92      0.46      0.61        74
        Dead       0.37      0.88      0.52        26

    accuracy                           0.57       100
   macro avg       0.64      0.67      0.56       100
weighted avg       0.77      0.57      0.59       100

Epoch 9/20 | Train Loss: 0.4258 | Train Acc: 0.795 | Val Loss: 0.9780 | Val Acc: 0.543 | Slide Acc: 0.570
Patch-level Confusion Matrix:
[[3552 3709]
 [ 854 1746]]
Slide-level accuracy: 0.560
Saved confusion matrix as results/plots/CNN_binary_images50_slide_confusion_matrix_epoch10.png/pdf
Slide-level Confusion Matrix:
[[31 43]
 [ 1 25]]
Slide-level classification report:
              precision    recall  f1-score   support

       Alive       0.97      0.42      0.58        74
        Dead       0.37      0.96      0.53        26

    accuracy                           0.56       100
   macro avg       0.67      0.69      0.56       100
weighted avg       0.81      0.56      0.57       100

Epoch 10/20 | Train Loss: 0.4083 | Train Acc: 0.808 | Val Loss: 1.0109 | Val Acc: 0.537 | Slide Acc: 0.560
Patch-level Confusion Matrix:
[[4190 3071]
 [1049 1551]]
Slide-level accuracy: 0.640
Saved confusion matrix as results/plots/CNN_binary_images50_slide_confusion_matrix_epoch11.png/pdf
Slide-level Confusion Matrix:
[[45 29]
 [ 7 19]]
Slide-level classification report:
              precision    recall  f1-score   support

       Alive       0.87      0.61      0.71        74
        Dead       0.40      0.73      0.51        26

    accuracy                           0.64       100
   macro avg       0.63      0.67      0.61       100
weighted avg       0.74      0.64      0.66       100

Epoch 11/20 | Train Loss: 0.3903 | Train Acc: 0.823 | Val Loss: 0.8861 | Val Acc: 0.582 | Slide Acc: 0.640
Patch-level Confusion Matrix:
[[4119 3142]
 [1016 1584]]
Slide-level accuracy: 0.600
Saved confusion matrix as results/plots/CNN_binary_images50_slide_confusion_matrix_epoch12.png/pdf
Slide-level Confusion Matrix:
[[42 32]
 [ 8 18]]
Slide-level classification report:
              precision    recall  f1-score   support

       Alive       0.84      0.57      0.68        74
        Dead       0.36      0.69      0.47        26

    accuracy                           0.60       100
   macro avg       0.60      0.63      0.58       100
weighted avg       0.72      0.60      0.62       100

Epoch 12/20 | Train Loss: 0.3907 | Train Acc: 0.819 | Val Loss: 0.9268 | Val Acc: 0.578 | Slide Acc: 0.600
Patch-level Confusion Matrix:
[[3820 3441]
 [ 871 1729]]
Slide-level accuracy: 0.570
Saved confusion matrix as results/plots/CNN_binary_images50_slide_confusion_matrix_epoch13.png/pdf
Slide-level Confusion Matrix:
[[35 39]
 [ 4 22]]
Slide-level classification report:
              precision    recall  f1-score   support

       Alive       0.90      0.47      0.62        74
        Dead       0.36      0.85      0.51        26

    accuracy                           0.57       100
   macro avg       0.63      0.66      0.56       100
weighted avg       0.76      0.57      0.59       100

Epoch 13/20 | Train Loss: 0.3732 | Train Acc: 0.829 | Val Loss: 0.9560 | Val Acc: 0.563 | Slide Acc: 0.570
Patch-level Confusion Matrix:
[[3640 3621]
 [ 788 1812]]
Slide-level accuracy: 0.550
Saved confusion matrix as results/plots/CNN_binary_images50_slide_confusion_matrix_epoch14.png/pdf
Slide-level Confusion Matrix:
[[33 41]
 [ 4 22]]
Slide-level classification report:
              precision    recall  f1-score   support

       Alive       0.89      0.45      0.59        74
        Dead       0.35      0.85      0.49        26

    accuracy                           0.55       100
   macro avg       0.62      0.65      0.54       100
weighted avg       0.75      0.55      0.57       100

Epoch 14/20 | Train Loss: 0.3620 | Train Acc: 0.837 | Val Loss: 1.0505 | Val Acc: 0.553 | Slide Acc: 0.550
Patch-level Confusion Matrix:
[[3951 3310]
 [ 959 1641]]
Slide-level accuracy: 0.640
Saved confusion matrix as results/plots/CNN_binary_images50_slide_confusion_matrix_epoch15.png/pdf
Slide-level Confusion Matrix:
[[44 30]
 [ 6 20]]
Slide-level classification report:
              precision    recall  f1-score   support

       Alive       0.88      0.59      0.71        74
        Dead       0.40      0.77      0.53        26

    accuracy                           0.64       100
   macro avg       0.64      0.68      0.62       100
weighted avg       0.76      0.64      0.66       100

Epoch 15/20 | Train Loss: 0.3629 | Train Acc: 0.840 | Val Loss: 0.9887 | Val Acc: 0.567 | Slide Acc: 0.640
Patch-level Confusion Matrix:
[[4315 2946]
 [1061 1539]]
Slide-level accuracy: 0.690
Saved confusion matrix as results/plots/CNN_binary_images50_slide_confusion_matrix_epoch16.png/pdf
Slide-level Confusion Matrix:
[[49 25]
 [ 6 20]]
Slide-level classification report:
              precision    recall  f1-score   support

       Alive       0.89      0.66      0.76        74
        Dead       0.44      0.77      0.56        26

    accuracy                           0.69       100
   macro avg       0.67      0.72      0.66       100
weighted avg       0.77      0.69      0.71       100

Epoch 16/20 | Train Loss: 0.3441 | Train Acc: 0.846 | Val Loss: 0.9718 | Val Acc: 0.594 | Slide Acc: 0.690
Patch-level Confusion Matrix:
[[3549 3712]
 [ 824 1776]]
Slide-level accuracy: 0.580
Saved confusion matrix as results/plots/CNN_binary_images50_slide_confusion_matrix_epoch17.png/pdf
Slide-level Confusion Matrix:
[[34 40]
 [ 2 24]]
Slide-level classification report:
              precision    recall  f1-score   support

       Alive       0.94      0.46      0.62        74
        Dead       0.38      0.92      0.53        26

    accuracy                           0.58       100
   macro avg       0.66      0.69      0.58       100
weighted avg       0.80      0.58      0.60       100

Epoch 17/20 | Train Loss: 0.3311 | Train Acc: 0.851 | Val Loss: 1.0599 | Val Acc: 0.540 | Slide Acc: 0.580
Patch-level Confusion Matrix:
[[4268 2993]
 [1056 1544]]
Slide-level accuracy: 0.710
Saved confusion matrix as results/plots/CNN_binary_images50_slide_confusion_matrix_epoch18.png/pdf
Slide-level Confusion Matrix:
[[50 24]
 [ 5 21]]
Slide-level classification report:
              precision    recall  f1-score   support

       Alive       0.91      0.68      0.78        74
        Dead       0.47      0.81      0.59        26

    accuracy                           0.71       100
   macro avg       0.69      0.74      0.68       100
weighted avg       0.79      0.71      0.73       100

Epoch 18/20 | Train Loss: 0.3257 | Train Acc: 0.858 | Val Loss: 0.9867 | Val Acc: 0.589 | Slide Acc: 0.710
Patch-level Confusion Matrix:
[[3586 3675]
 [ 827 1773]]
Slide-level accuracy: 0.580
Saved confusion matrix as results/plots/CNN_binary_images50_slide_confusion_matrix_epoch19.png/pdf
Slide-level Confusion Matrix:
[[35 39]
 [ 3 23]]
Slide-level classification report:
              precision    recall  f1-score   support

       Alive       0.92      0.47      0.62        74
        Dead       0.37      0.88      0.52        26

    accuracy                           0.58       100
   macro avg       0.65      0.68      0.57       100
weighted avg       0.78      0.58      0.60       100

Epoch 19/20 | Train Loss: 0.3088 | Train Acc: 0.869 | Val Loss: 1.2026 | Val Acc: 0.543 | Slide Acc: 0.580
Patch-level Confusion Matrix:
[[3925 3336]
 [ 900 1700]]
Slide-level accuracy: 0.640
Saved confusion matrix as results/plots/CNN_binary_images50_slide_confusion_matrix_epoch20.png/pdf
Slide-level Confusion Matrix:
[[42 32]
 [ 4 22]]
Slide-level classification report:
              precision    recall  f1-score   support

       Alive       0.91      0.57      0.70        74
        Dead       0.41      0.85      0.55        26

    accuracy                           0.64       100
   macro avg       0.66      0.71      0.62       100
weighted avg       0.78      0.64      0.66       100

Epoch 20/20 | Train Loss: 0.3021 | Train Acc: 0.872 | Val Loss: 1.1788 | Val Acc: 0.570 | Slide Acc: 0.640
Job ended at Sun 20 Jul 18:52:15 BST 2025
