Job started at Mon 14 Jul 12:29:33 BST 2025 on cx3-6-23.cx3.hpc.ic.ac.uk
Total script running time: 0.02 minutes (1.0 seconds)
Job ended at Mon 14 Jul 12:30:55 BST 2025
Job started at Mon 14 Jul 13:50:11 BST 2025 on cx3-6-25.cx3.hpc.ic.ac.uk
Total script running time: 0.02 minutes (1.0 seconds)
Job ended at Mon 14 Jul 13:51:53 BST 2025
Job started at Mon 14 Jul 14:38:42 BST 2025 on cx3-4-25.cx3.hpc.ic.ac.uk
Total script running time: 0.01 minutes (0.7 seconds)
Epoch 1/10 - Train Loss: -0.0000 - Val Loss: nan
Epoch 2/10 - Train Loss: -0.0000 - Val Loss: nan
Epoch 3/10 - Train Loss: -0.0000 - Val Loss: nan
Epoch 4/10 - Train Loss: -0.0000 - Val Loss: nan
Epoch 5/10 - Train Loss: -0.0000 - Val Loss: nan
Epoch 6/10 - Train Loss: -0.0000 - Val Loss: nan
Epoch 7/10 - Train Loss: -0.0000 - Val Loss: nan
Epoch 8/10 - Train Loss: -0.0000 - Val Loss: nan
Epoch 9/10 - Train Loss: -0.0000 - Val Loss: nan
Epoch 10/10 - Train Loss: -0.0000 - Val Loss: nan
Job ended at Mon 14 Jul 14:41:00 BST 2025
Job started at Mon 14 Jul 14:52:43 BST 2025 on cx3-4-25.cx3.hpc.ic.ac.uk
Total script running time: 0.02 minutes (0.9 seconds)
Epoch 1/10 - Train Loss: -0.0000 - Val Loss: nan
Epoch 2/10 - Train Loss: -0.0000 - Val Loss: nan
Epoch 3/10 - Train Loss: -0.0000 - Val Loss: nan
Epoch 4/10 - Train Loss: -0.0000 - Val Loss: nan
Epoch 5/10 - Train Loss: -0.0000 - Val Loss: nan
Epoch 6/10 - Train Loss: -0.0000 - Val Loss: nan
Epoch 7/10 - Train Loss: -0.0000 - Val Loss: nan
Epoch 8/10 - Train Loss: -0.0000 - Val Loss: nan
Epoch 9/10 - Train Loss: -0.0000 - Val Loss: nan
Epoch 10/10 - Train Loss: -0.0000 - Val Loss: nan
Job ended at Mon 14 Jul 14:55:09 BST 2025
 Job started at Mon 14 Jul 17:20:46 BST 2025 on cx3-4-27.cx3.hpc.ic.ac.uk
Total script running time: 0.01 minutes (0.7 seconds)
Epoch 1/10 - Train Loss: nan - Val Loss: nan
Epoch 2/10 - Train Loss: nan - Val Loss: nan
Epoch 3/10 - Train Loss: nan - Val Loss: nan
Epoch 4/10 - Train Loss: nan - Val Loss: nan
Epoch 5/10 - Train Loss: nan - Val Loss: nan
Epoch 6/10 - Train Loss: nan - Val Loss: nan
Epoch 7/10 - Train Loss: nan - Val Loss: nan
Epoch 8/10 - Train Loss: nan - Val Loss: nan
Epoch 9/10 - Train Loss: nan - Val Loss: nan
Epoch 10/10 - Train Loss: nan - Val Loss: nan
Done.
Total script running time: 48.49 minutes (2909.4 seconds)
Job ended at Mon 14 Jul 18:10:29 BST 2025
Job started at Tue 15 Jul 10:03:25 BST 2025 on cx3-4-26.cx3.hpc.ic.ac.uk
Training set events: 7424
Epoch 1 Risk score: -4.291534423828125e-06 Event: 0.0 os_days: 193.0
Epoch 1 Risk score: -1.9073486328125e-06 Event: 0.0 os_days: 1955.0
Epoch 1 Risk score: -1.9073486328125e-06 Event: 0.0 os_days: 1124.0
Epoch 1 Risk score: 0.0 Event: 1.0 os_days: 320.0
Epoch 1 Risk score: -4.76837158203125e-07 Event: 0.0 os_days: 3392.0
Epoch 1 Risk score: -4.76837158203125e-06 Event: 0.0 os_days: 3728.0
Epoch 1 Risk score: -9.5367431640625e-07 Event: 1.0 os_days: 101.0
Epoch 1 Risk score: -2.384185791015625e-06 Event: 0.0 os_days: 1130.0
Epoch 1 Risk score: 0.0 Event: 1.0 os_days: 1626.0
Epoch 1 Risk score: -3.814697265625e-06 Event: 1.0 os_days: 866.0
Epoch 1/10 - Train Loss: -0.0000 - Val Loss: -0.0000
Epoch 2 Risk score: -3.337860107421875e-06 Event: 0.0 os_days: 3728.0
Epoch 2 Risk score: -1.9073486328125e-06 Event: 0.0 os_days: 193.0
Epoch 2 Risk score: -4.291534423828125e-06 Event: 1.0 os_days: 320.0
Epoch 2 Risk score: -3.814697265625e-06 Event: 1.0 os_days: 866.0
Epoch 2 Risk score: -2.384185791015625e-06 Event: 0.0 os_days: 3392.0
Epoch 2 Risk score: 3.337860107421875e-06 Event: 1.0 os_days: 101.0
Epoch 2 Risk score: 9.5367431640625e-07 Event: 0.0 os_days: 1130.0
Epoch 2 Risk score: -1.9073486328125e-06 Event: 1.0 os_days: 1626.0
Epoch 2 Risk score: -3.814697265625e-06 Event: 0.0 os_days: 1955.0
Epoch 2 Risk score: -3.814697265625e-06 Event: 0.0 os_days: 1124.0
Epoch 2/10 - Train Loss: -0.0000 - Val Loss: -0.0000
Epoch 3 Risk score: 9.5367431640625e-07 Event: 0.0 os_days: 1130.0
Epoch 3 Risk score: -2.86102294921875e-06 Event: 1.0 os_days: 866.0
Epoch 3 Risk score: -2.86102294921875e-06 Event: 1.0 os_days: 101.0
Epoch 3 Risk score: 0.0 Event: 0.0 os_days: 1955.0
Epoch 3 Risk score: -9.5367431640625e-07 Event: 0.0 os_days: 3392.0
Epoch 3 Risk score: -9.5367431640625e-07 Event: 1.0 os_days: 320.0
Epoch 3 Risk score: 9.5367431640625e-07 Event: 1.0 os_days: 1626.0
Epoch 3 Risk score: 2.86102294921875e-06 Event: 0.0 os_days: 3728.0
Epoch 3 Risk score: -2.384185791015625e-06 Event: 0.0 os_days: 193.0
Epoch 3 Risk score: -1.430511474609375e-06 Event: 0.0 os_days: 1124.0
Epoch 3/10 - Train Loss: -0.0000 - Val Loss: -0.0000
Epoch 4 Risk score: -1.9073486328125e-06 Event: 0.0 os_days: 1124.0
Epoch 4 Risk score: -2.86102294921875e-06 Event: 1.0 os_days: 320.0
Epoch 4 Risk score: 2.384185791015625e-06 Event: 1.0 os_days: 866.0
Epoch 4 Risk score: -9.5367431640625e-07 Event: 0.0 os_days: 3728.0
Epoch 4 Risk score: -2.86102294921875e-06 Event: 0.0 os_days: 3392.0
Epoch 4 Risk score: -2.384185791015625e-06 Event: 0.0 os_days: 1130.0
Epoch 4 Risk score: 0.0 Event: 0.0 os_days: 193.0
Epoch 4 Risk score: -2.384185791015625e-06 Event: 0.0 os_days: 1955.0
Epoch 4 Risk score: -3.814697265625e-06 Event: 1.0 os_days: 1626.0
Epoch 4 Risk score: -1.9073486328125e-06 Event: 1.0 os_days: 101.0
Epoch 4/10 - Train Loss: -0.0000 - Val Loss: -0.0000
Epoch 5 Risk score: -4.76837158203125e-07 Event: 1.0 os_days: 320.0
Epoch 5 Risk score: -4.76837158203125e-07 Event: 1.0 os_days: 866.0
Epoch 5 Risk score: -2.86102294921875e-06 Event: 1.0 os_days: 1626.0
Epoch 5 Risk score: 0.0 Event: 1.0 os_days: 101.0
Epoch 5 Risk score: 0.0 Event: 0.0 os_days: 3728.0
Epoch 5 Risk score: 0.0 Event: 0.0 os_days: 3392.0
Epoch 5 Risk score: -2.384185791015625e-06 Event: 0.0 os_days: 1130.0
Epoch 5 Risk score: 9.5367431640625e-07 Event: 0.0 os_days: 1955.0
Epoch 5 Risk score: 0.0 Event: 0.0 os_days: 193.0
Epoch 5 Risk score: -4.76837158203125e-07 Event: 0.0 os_days: 1124.0
Epoch 5/10 - Train Loss: -0.0000 - Val Loss: -0.0000
Epoch 6 Risk score: 2.86102294921875e-06 Event: 1.0 os_days: 320.0
Epoch 6 Risk score: -1.430511474609375e-06 Event: 1.0 os_days: 101.0
Epoch 6 Risk score: -2.86102294921875e-06 Event: 0.0 os_days: 1130.0
Epoch 6 Risk score: -5.7220458984375e-06 Event: 1.0 os_days: 866.0
Epoch 6 Risk score: -1.9073486328125e-06 Event: 0.0 os_days: 3728.0
Epoch 6 Risk score: -3.337860107421875e-06 Event: 0.0 os_days: 3392.0
Epoch 6 Risk score: 3.337860107421875e-06 Event: 0.0 os_days: 193.0
Epoch 6 Risk score: 4.76837158203125e-07 Event: 1.0 os_days: 1626.0
Epoch 6 Risk score: -3.337860107421875e-06 Event: 0.0 os_days: 1955.0
Epoch 6 Risk score: -3.814697265625e-06 Event: 0.0 os_days: 1124.0
Epoch 6/10 - Train Loss: -0.0000 - Val Loss: -0.0000
Epoch 7 Risk score: -3.814697265625e-06 Event: 0.0 os_days: 3392.0
Epoch 7 Risk score: 1.9073486328125e-06 Event: 0.0 os_days: 1124.0
Epoch 7 Risk score: -4.76837158203125e-07 Event: 0.0 os_days: 1130.0
Epoch 7 Risk score: 9.5367431640625e-07 Event: 1.0 os_days: 1626.0
Epoch 7 Risk score: -1.430511474609375e-06 Event: 0.0 os_days: 3728.0
Epoch 7 Risk score: 0.0 Event: 1.0 os_days: 866.0
Epoch 7 Risk score: -3.337860107421875e-06 Event: 1.0 os_days: 320.0
Epoch 7 Risk score: -1.430511474609375e-06 Event: 0.0 os_days: 1955.0
Epoch 7 Risk score: -9.5367431640625e-07 Event: 0.0 os_days: 193.0
Epoch 7 Risk score: -9.5367431640625e-07 Event: 1.0 os_days: 101.0
Epoch 7/10 - Train Loss: -0.0000 - Val Loss: -0.0000
Epoch 8 Risk score: -2.86102294921875e-06 Event: 1.0 os_days: 866.0
Epoch 8 Risk score: -4.291534423828125e-06 Event: 0.0 os_days: 3392.0
Epoch 8 Risk score: -5.7220458984375e-06 Event: 0.0 os_days: 1955.0
Epoch 8 Risk score: -6.198883056640625e-06 Event: 0.0 os_days: 193.0
Epoch 8 Risk score: -2.86102294921875e-06 Event: 1.0 os_days: 320.0
Epoch 8 Risk score: -3.337860107421875e-06 Event: 0.0 os_days: 1130.0
Epoch 8 Risk score: -9.5367431640625e-07 Event: 0.0 os_days: 3728.0
Epoch 8 Risk score: -3.814697265625e-06 Event: 1.0 os_days: 101.0
Epoch 8 Risk score: -4.76837158203125e-07 Event: 1.0 os_days: 1626.0
Epoch 8 Risk score: -1.9073486328125e-06 Event: 0.0 os_days: 1124.0
Epoch 8/10 - Train Loss: -0.0000 - Val Loss: -0.0000
Epoch 9 Risk score: 0.0 Event: 1.0 os_days: 1626.0
Epoch 9 Risk score: 1.430511474609375e-06 Event: 0.0 os_days: 1955.0
Epoch 9 Risk score: -4.76837158203125e-07 Event: 1.0 os_days: 866.0
Epoch 9 Risk score: 1.9073486328125e-06 Event: 0.0 os_days: 1130.0
Epoch 9 Risk score: 9.5367431640625e-07 Event: 1.0 os_days: 101.0
Epoch 9 Risk score: 0.0 Event: 0.0 os_days: 3728.0
Epoch 9 Risk score: -9.5367431640625e-07 Event: 0.0 os_days: 1124.0
Epoch 9 Risk score: -3.814697265625e-06 Event: 0.0 os_days: 193.0
Epoch 9 Risk score: -1.430511474609375e-06 Event: 1.0 os_days: 320.0
Epoch 9 Risk score: 0.0 Event: 0.0 os_days: 3392.0
Epoch 9/10 - Train Loss: -0.0000 - Val Loss: -0.0000
Epoch 10 Risk score: -9.5367431640625e-07 Event: 0.0 os_days: 3728.0
Epoch 10 Risk score: -4.76837158203125e-07 Event: 1.0 os_days: 101.0
Epoch 10 Risk score: 2.384185791015625e-06 Event: 0.0 os_days: 193.0
Epoch 10 Risk score: -1.9073486328125e-06 Event: 1.0 os_days: 1626.0
Epoch 10 Risk score: -2.86102294921875e-06 Event: 1.0 os_days: 320.0
Epoch 10 Risk score: -1.9073486328125e-06 Event: 0.0 os_days: 3392.0
Epoch 10 Risk score: -2.86102294921875e-06 Event: 0.0 os_days: 1130.0
Epoch 10 Risk score: -1.9073486328125e-06 Event: 1.0 os_days: 866.0
Epoch 10 Risk score: -3.337860107421875e-06 Event: 0.0 os_days: 1124.0
Epoch 10 Risk score: -9.5367431640625e-07 Event: 0.0 os_days: 1955.0
Epoch 10/10 - Train Loss: -0.0000 - Val Loss: -0.0000
Done.
Total script running time: 45.03 minutes (2701.6 seconds)
Job ended at Tue 15 Jul 10:49:23 BST 2025
Job started at Tue 15 Jul 11:00:45 BST 2025 on cx3-6-18.cx3.hpc.ic.ac.uk
Job started at Tue 15 Jul 11:10:11 BST 2025 on cx3-6-11.cx3.hpc.ic.ac.uk
