Job started at Sun 20 Jul 20:23:46 BST 2025 on cx3-4-25.cx3.hpc.ic.ac.uk
Job ended at Sun 20 Jul 20:26:45 BST 2025
Job started at Sun 20 Jul 21:35:28 BST 2025 on cx3-4-28.cx3.hpc.ic.ac.uk
Train set: 20 slides, 2000 patches
  Avg patches/slide: 100.0, min: 100, max: 100
Val set: 20 slides, 2000 patches
  Avg patches/slide: 100.0, min: 100, max: 100
Job ended at Sun 20 Jul 21:39:27 BST 2025
Job started at Sun 20 Jul 21:48:22 BST 2025 on cx3-4-28.cx3.hpc.ic.ac.uk
Train set: 20 slides, 2000 patches
  Avg patches/slide: 100.0, min: 100, max: 100
Val set: 20 slides, 2000 patches
  Avg patches/slide: 100.0, min: 100, max: 100
Job ended at Sun 20 Jul 21:54:15 BST 2025
Job started at Sun 20 Jul 22:01:41 BST 2025 on cx3-4-28.cx3.hpc.ic.ac.uk
Train set: 20 slides, 2000 patches
  Avg patches/slide: 100.0, min: 100, max: 100
Val set: 20 slides, 2000 patches
  Avg patches/slide: 100.0, min: 100, max: 100
Job ended at Sun 20 Jul 22:05:38 BST 2025
Job started at Sun 20 Jul 22:18:51 BST 2025 on cx3-4-28.cx3.hpc.ic.ac.uk
Train set: 20 slides, 2000 patches
  Avg patches/slide: 100.0, min: 100, max: 100
Val set: 20 slides, 2000 patches
  Avg patches/slide: 100.0, min: 100, max: 100
Job ended at Sun 20 Jul 22:23:00 BST 2025
Job started at Sun 20 Jul 22:37:54 BST 2025 on cx3-4-28.cx3.hpc.ic.ac.uk
Train set: 20 slides, 2000 patches
  Avg patches/slide: 100.0, min: 100, max: 100
Val set: 20 slides, 2000 patches
  Avg patches/slide: 100.0, min: 100, max: 100
Job ended at Sun 20 Jul 22:42:07 BST 2025
Job started at Sun 20 Jul 22:46:40 BST 2025 on cx3-4-28.cx3.hpc.ic.ac.uk
Train set: 20 slides, 2000 patches
  Avg patches/slide: 100.0, min: 100, max: 100
Val set: 20 slides, 2000 patches
  Avg patches/slide: 100.0, min: 100, max: 100
Epoch 1/40 | Train Loss: 1.0171 | Val Loss: 0.4812 | Val C-index: 0.7391
Epoch 2/40 | Train Loss: 0.8669 | Val Loss: 0.4838 | Val C-index: 0.7681
Epoch 3/40 | Train Loss: 0.7648 | Val Loss: 0.4919 | Val C-index: 0.7681
Epoch 4/40 | Train Loss: 0.7205 | Val Loss: 0.4993 | Val C-index: 0.6522
Epoch 5/40 | Train Loss: 0.6487 | Val Loss: 0.5121 | Val C-index: 0.8261
Epoch 6/40 | Train Loss: 0.6262 | Val Loss: 0.5263 | Val C-index: 0.7971
Epoch 7/40 | Train Loss: 0.5731 | Val Loss: 0.5425 | Val C-index: 0.7681
Epoch 8/40 | Train Loss: 0.5971 | Val Loss: 0.5517 | Val C-index: 0.8261
Epoch 9/40 | Train Loss: 0.5433 | Val Loss: 0.5585 | Val C-index: 0.7246
Epoch 10/40 | Train Loss: 0.5335 | Val Loss: 0.5418 | Val C-index: 0.7536
Early stopping triggered after 10 epochs.
Saved loss calibration plot to results/plots/MIL_cox_images+tab20_loss_curve.png
Saved C-index curve to results/plots/MIL_cox_images+tab20_cindex_curve.png
Saved C-statistic style plot to results/plots/MIL_cox_images+tab20_cstat_scatter.png
Total script running time: 87.46 minutes (5247.5 seconds)
Job ended at Mon 21 Jul 00:17:04 BST 2025
