Job started at Wed  9 Jul 11:41:04 BST 2025 on cx3-4-26.cx3.hpc.ic.ac.uk
Class weights (Alive, Dead): [1.2077295e-03 4.7005735e-05]
Train set: 3 slides, 22102 patches
  Avg patches/slide: 7367.3, min: 828, max: 11755
Val set: 0 slides, 0 patches
Job ended at Wed  9 Jul 11:42:56 BST 2025
Job started at Wed  9 Jul 12:48:50 BST 2025 on cx3-6-12.cx3.hpc.ic.ac.uk
Class weights (Alive, Dead): [0.00120773 0.00010505]
Patch count per slide in train: Counter({'TCGA-B0-4696-01Z-00-DX1': 9519, 'TCGA-AK-3428-01Z-00-DX1': 828})
Patch count per slide in val: Counter({'TCGA-B8-4146-01Z-00-DX1': 2872, 'TCGA-B2-4099-01Z-00-DX1': 533})
Slide-level accuracy: 0.000
Saved confusion matrix as results/plots/model3_slide_confusion_matrix_epoch1.png/pdf
Slide-level Confusion Matrix:
[[0 2]
 [0 0]]
Slide-level classification report:
              precision    recall  f1-score   support

       Alive       0.00      0.00      0.00       2.0
        Dead       0.00      0.00      0.00       0.0

    accuracy                           0.00       2.0
   macro avg       0.00      0.00      0.00       2.0
weighted avg       0.00      0.00      0.00       2.0

Epoch 1/10 | Train Loss: 0.0894 | Train Acc: 0.979 | Val Loss: 197.2931 | Val Acc: 0.446 | Slide Acc: 0.000
Slide-level accuracy: 0.500
Saved confusion matrix as results/plots/model3_slide_confusion_matrix_epoch2.png/pdf
Slide-level Confusion Matrix:
[[1 1]
 [0 0]]
Slide-level classification report:
              precision    recall  f1-score   support

       Alive       1.00      0.50      0.67         2
        Dead       0.00      0.00      0.00         0

    accuracy                           0.50         2
   macro avg       0.50      0.25      0.33         2
weighted avg       1.00      0.50      0.67         2

Epoch 2/10 | Train Loss: 0.0043 | Train Acc: 1.000 | Val Loss: 228.6283 | Val Acc: 0.530 | Slide Acc: 0.500
Slide-level accuracy: 0.500
Saved confusion matrix as results/plots/model3_slide_confusion_matrix_epoch3.png/pdf
Slide-level Confusion Matrix:
[[1 1]
 [0 0]]
Slide-level classification report:
              precision    recall  f1-score   support

       Alive       1.00      0.50      0.67         2
        Dead       0.00      0.00      0.00         0

    accuracy                           0.50         2
   macro avg       0.50      0.25      0.33         2
weighted avg       1.00      0.50      0.67         2

Epoch 3/10 | Train Loss: 0.0025 | Train Acc: 1.000 | Val Loss: 72.1627 | Val Acc: 0.470 | Slide Acc: 0.500
Slide-level accuracy: 0.000
Saved confusion matrix as results/plots/model3_slide_confusion_matrix_epoch4.png/pdf
Slide-level Confusion Matrix:
[[0 2]
 [0 0]]
Slide-level classification report:
              precision    recall  f1-score   support

       Alive       0.00      0.00      0.00       2.0
        Dead       0.00      0.00      0.00       0.0

    accuracy                           0.00       2.0
   macro avg       0.00      0.00      0.00       2.0
weighted avg       0.00      0.00      0.00       2.0

Epoch 4/10 | Train Loss: 0.0008 | Train Acc: 1.000 | Val Loss: 48.3307 | Val Acc: 0.148 | Slide Acc: 0.000
Early stopping triggered after 4 epochs.
Done.
Total script running time: 148.99 minutes (8939.4 seconds)
Job ended at Wed  9 Jul 15:19:20 BST 2025
Job started at Thu 10 Jul 11:33:07 BST 2025 on cx3-4-25.cx3.hpc.ic.ac.uk
Class weights (Alive, Dead): [0.00120773 0.00010505]
Patch count per slide in train: Counter({'TCGA-B0-4696-01Z-00-DX1': 9519, 'TCGA-AK-3428-01Z-00-DX1': 828})
Patch count per slide in val: Counter({'TCGA-B8-4146-01Z-00-DX1': 2872, 'TCGA-B2-4099-01Z-00-DX1': 533})
Slide-level accuracy: 0.500
Saved confusion matrix as results/plots/model3_slide_confusion_matrix_epoch1.png/pdf
Slide-level Confusion Matrix:
[[1 1]
 [0 0]]
Slide-level classification report:
              precision    recall  f1-score   support

       Alive       1.00      0.50      0.67         2
        Dead       0.00      0.00      0.00         0

    accuracy                           0.50         2
   macro avg       0.50      0.25      0.33         2
weighted avg       1.00      0.50      0.67         2

Epoch 1/10 | Train Loss: 0.0753 | Train Acc: 0.985 | Val Loss: 134.5401 | Val Acc: 0.609 | Slide Acc: 0.500
Slide-level accuracy: 0.000
Saved confusion matrix as results/plots/model3_slide_confusion_matrix_epoch2.png/pdf
Slide-level Confusion Matrix:
[[0 2]
 [0 0]]
Slide-level classification report:
              precision    recall  f1-score   support

       Alive       0.00      0.00      0.00       2.0
        Dead       0.00      0.00      0.00       0.0

    accuracy                           0.00       2.0
   macro avg       0.00      0.00      0.00       2.0
weighted avg       0.00      0.00      0.00       2.0

Epoch 2/10 | Train Loss: 0.0075 | Train Acc: 0.999 | Val Loss: 126.8085 | Val Acc: 0.416 | Slide Acc: 0.000
Slide-level accuracy: 0.000
Saved confusion matrix as results/plots/model3_slide_confusion_matrix_epoch3.png/pdf
Slide-level Confusion Matrix:
[[0 2]
 [0 0]]
Slide-level classification report:
              precision    recall  f1-score   support

       Alive       0.00      0.00      0.00       2.0
        Dead       0.00      0.00      0.00       0.0

    accuracy                           0.00       2.0
   macro avg       0.00      0.00      0.00       2.0
weighted avg       0.00      0.00      0.00       2.0

Epoch 3/10 | Train Loss: 0.0022 | Train Acc: 1.000 | Val Loss: 169.8798 | Val Acc: 0.377 | Slide Acc: 0.000
Early stopping triggered after 3 epochs.
Done.
Total script running time: 112.02 minutes (6721.3 seconds)
Job ended at Thu 10 Jul 13:27:33 BST 2025
