Job started at Sun 13 Jul 19:45:48 BST 2025 on cx3-4-27.cx3.hpc.ic.ac.uk
Class weights (Alive, Dead): [5.4638836e-05 7.6080338e-05]
Train set: 20 slides, 31446 patches
  Avg patches/slide: 1572.3, min: 169, max: 2830
Val set: 20 slides, 25726 patches
  Avg patches/slide: 1286.3, min: 131, max: 3609
Patch-level Confusion Matrix:
[[8215 2139]
 [6630 8742]]
Slide-level accuracy: 0.750
Saved confusion matrix as results/plots/model3_slide_confusion_matrix_patchsizenone_epoch1.png/pdf
Slide-level Confusion Matrix:
[[11  2]
 [ 3  4]]
Slide-level classification report:
              precision    recall  f1-score   support

       Alive       0.79      0.85      0.81        13
        Dead       0.67      0.57      0.62         7

    accuracy                           0.75        20
   macro avg       0.73      0.71      0.72        20
weighted avg       0.74      0.75      0.75        20

Epoch 1/10 | Train Loss: 0.4816 | Train Acc: 0.754 | Val Loss: 5.6648 | Val Acc: 0.659 | Slide Acc: 0.750
Patch-level Confusion Matrix:
[[7052 3302]
 [5877 9495]]
Slide-level accuracy: 0.600
Saved confusion matrix as results/plots/model3_slide_confusion_matrix_patchsizenone_epoch2.png/pdf
Slide-level Confusion Matrix:
[[8 5]
 [3 4]]
Slide-level classification report:
              precision    recall  f1-score   support

       Alive       0.73      0.62      0.67        13
        Dead       0.44      0.57      0.50         7

    accuracy                           0.60        20
   macro avg       0.59      0.59      0.58        20
weighted avg       0.63      0.60      0.61        20

Epoch 2/10 | Train Loss: 0.3261 | Train Acc: 0.857 | Val Loss: 4.1890 | Val Acc: 0.643 | Slide Acc: 0.600
Patch-level Confusion Matrix:
[[7551 2803]
 [5522 9850]]
Slide-level accuracy: 0.700
Saved confusion matrix as results/plots/model3_slide_confusion_matrix_patchsizenone_epoch3.png/pdf
Slide-level Confusion Matrix:
[[9 4]
 [2 5]]
Slide-level classification report:
              precision    recall  f1-score   support

       Alive       0.82      0.69      0.75        13
        Dead       0.56      0.71      0.62         7

    accuracy                           0.70        20
   macro avg       0.69      0.70      0.69        20
weighted avg       0.73      0.70      0.71        20

Epoch 3/10 | Train Loss: 0.2336 | Train Acc: 0.904 | Val Loss: 4.0980 | Val Acc: 0.676 | Slide Acc: 0.700
Patch-level Confusion Matrix:
[[8399 1955]
 [8738 6634]]
Slide-level accuracy: 0.650
Saved confusion matrix as results/plots/model3_slide_confusion_matrix_patchsizenone_epoch4.png/pdf
Slide-level Confusion Matrix:
[[11  2]
 [ 5  2]]
Slide-level classification report:
              precision    recall  f1-score   support

       Alive       0.69      0.85      0.76        13
        Dead       0.50      0.29      0.36         7

    accuracy                           0.65        20
   macro avg       0.59      0.57      0.56        20
weighted avg       0.62      0.65      0.62        20

Epoch 4/10 | Train Loss: 0.1866 | Train Acc: 0.925 | Val Loss: 4.0251 | Val Acc: 0.584 | Slide Acc: 0.650
Patch-level Confusion Matrix:
[[7003 3351]
 [5989 9383]]
Slide-level accuracy: 0.650
Saved confusion matrix as results/plots/model3_slide_confusion_matrix_patchsizenone_epoch5.png/pdf
Slide-level Confusion Matrix:
[[9 4]
 [3 4]]
Slide-level classification report:
              precision    recall  f1-score   support

       Alive       0.75      0.69      0.72        13
        Dead       0.50      0.57      0.53         7

    accuracy                           0.65        20
   macro avg       0.62      0.63      0.63        20
weighted avg       0.66      0.65      0.65        20

Epoch 5/10 | Train Loss: 0.1581 | Train Acc: 0.938 | Val Loss: 1.5491 | Val Acc: 0.637 | Slide Acc: 0.650
Early stopping triggered after 5 epochs.
Saved train/val loss & acc plot to results/plots/model3_train_val_loss_acc_patchsizenone.png/pdf
Total train patches: 31446
Total val patches:   25726
Total script running time: 602.32 minutes (36139.2 seconds)
Job ended at Mon 14 Jul 05:49:43 BST 2025
Job started at Mon 14 Jul 12:21:04 BST 2025 on cx3-6-13.cx3.hpc.ic.ac.uk
Class weights (Alive, Dead): [4.029171e-05 4.743158e-05]
Train set: 30 slides, 45902 patches
  Avg patches/slide: 1530.1, min: 153, max: 3328
Val set: 30 slides, 40577 patches
  Avg patches/slide: 1352.6, min: 131, max: 3609
Patch-level Confusion Matrix:
[[12688  7993]
 [ 7628 12268]]
Slide-level accuracy: 0.700
Saved confusion matrix as results/plots/model3_slide_confusion_matrix_patchsizenone_epoch1.png/pdf
Slide-level Confusion Matrix:
[[15  5]
 [ 4  6]]
Slide-level classification report:
              precision    recall  f1-score   support

       Alive       0.79      0.75      0.77        20
        Dead       0.55      0.60      0.57        10

    accuracy                           0.70        30
   macro avg       0.67      0.68      0.67        30
weighted avg       0.71      0.70      0.70        30

Epoch 1/10 | Train Loss: 0.4967 | Train Acc: 0.746 | Val Loss: 6.2312 | Val Acc: 0.615 | Slide Acc: 0.700
Patch-level Confusion Matrix:
[[13743  6938]
 [ 8969 10927]]
Slide-level accuracy: 0.667
Saved confusion matrix as results/plots/model3_slide_confusion_matrix_patchsizenone_epoch2.png/pdf
Slide-level Confusion Matrix:
[[15  5]
 [ 5  5]]
Slide-level classification report:
              precision    recall  f1-score   support

       Alive       0.75      0.75      0.75        20
        Dead       0.50      0.50      0.50        10

    accuracy                           0.67        30
   macro avg       0.62      0.62      0.62        30
weighted avg       0.67      0.67      0.67        30

Epoch 2/10 | Train Loss: 0.3271 | Train Acc: 0.856 | Val Loss: 1.7611 | Val Acc: 0.608 | Slide Acc: 0.667
Patch-level Confusion Matrix:
[[15360  5321]
 [11786  8110]]
Slide-level accuracy: 0.700
Saved confusion matrix as results/plots/model3_slide_confusion_matrix_patchsizenone_epoch3.png/pdf
Slide-level Confusion Matrix:
[[19  1]
 [ 8  2]]
Slide-level classification report:
              precision    recall  f1-score   support

       Alive       0.70      0.95      0.81        20
        Dead       0.67      0.20      0.31        10

    accuracy                           0.70        30
   macro avg       0.69      0.57      0.56        30
weighted avg       0.69      0.70      0.64        30

Epoch 3/10 | Train Loss: 0.2519 | Train Acc: 0.893 | Val Loss: 1.9787 | Val Acc: 0.578 | Slide Acc: 0.700
Early stopping triggered after 3 epochs.
Saved train/val loss & acc plot to results/plots/model3_train_val_loss_acc_30slides.png/pdf
Total train patches: 45902
Total val patches:   40577
Total script running time: 709.68 minutes (42580.6 seconds)
Job ended at Tue 15 Jul 00:12:42 BST 2025
Job started at Tue 15 Jul 10:26:04 BST 2025 on cx3-6-24.cx3.hpc.ic.ac.uk
Class weights (Alive, Dead): [3.5351928e-05 3.9177277e-05]
Train set: 40 slides, 53812 patches
  Avg patches/slide: 1345.3, min: 84, max: 3328
Val set: 40 slides, 52695 patches
  Avg patches/slide: 1317.4, min: 110, max: 3609
Patch-level Confusion Matrix:
[[16206 13509]
 [ 9316 13664]]
Slide-level accuracy: 0.575
Saved confusion matrix as results/plots/model3_slide_confusion_matrix_patchsizenone_epoch1.png/pdf
Slide-level Confusion Matrix:
[[14 13]
 [ 4  9]]
Slide-level classification report:
              precision    recall  f1-score   support

       Alive       0.78      0.52      0.62        27
        Dead       0.41      0.69      0.51        13

    accuracy                           0.57        40
   macro avg       0.59      0.61      0.57        40
weighted avg       0.66      0.57      0.59        40

Epoch 1/10 | Train Loss: 0.5353 | Train Acc: 0.721 | Val Loss: 10.6942 | Val Acc: 0.567 | Slide Acc: 0.575
Patch-level Confusion Matrix:
[[22151  7564]
 [12376 10604]]
Slide-level accuracy: 0.700
Saved confusion matrix as results/plots/model3_slide_confusion_matrix_patchsizenone_epoch2.png/pdf
Slide-level Confusion Matrix:
[[23  4]
 [ 8  5]]
Slide-level classification report:
              precision    recall  f1-score   support

       Alive       0.74      0.85      0.79        27
        Dead       0.56      0.38      0.45        13

    accuracy                           0.70        40
   macro avg       0.65      0.62      0.62        40
weighted avg       0.68      0.70      0.68        40

Epoch 2/10 | Train Loss: 0.4043 | Train Acc: 0.812 | Val Loss: 1.7267 | Val Acc: 0.622 | Slide Acc: 0.700
