Job started at Thu 10 Jul 16:30:53 BST 2025 on cx3-4-27.cx3.hpc.ic.ac.uk
Class weights (Alive, Dead): [4.1723165e-06 6.8688869e-06]
Train set: 277 slides, 385259 patches
  Avg patches/slide: 1390.8, min: 16, max: 5318
Val set: 59 slides, 72339 patches
  Avg patches/slide: 1226.1, min: 110, max: 3609
Job started at Fri 11 Jul 11:08:33 BST 2025 on cx3-4-27.cx3.hpc.ic.ac.uk
Job ended at Fri 11 Jul 11:10:12 BST 2025
Job started at Fri 11 Jul 11:18:19 BST 2025 on cx3-6-11.cx3.hpc.ic.ac.uk
Class weights (Alive, Dead): [5.4638836e-05 7.6080338e-05]
Train set: 20 slides, 31446 patches
  Avg patches/slide: 1572.3, min: 169, max: 2830
Val set: 20 slides, 25726 patches
  Avg patches/slide: 1286.3, min: 131, max: 3609
Job ended at Fri 11 Jul 11:20:03 BST 2025
Job started at Fri 11 Jul 13:27:30 BST 2025 on cx3-6-22.cx3.hpc.ic.ac.uk
Class weights (Alive, Dead): [5.4638836e-05 7.6080338e-05]
Train set: 20 slides, 31446 patches
  Avg patches/slide: 1572.3, min: 169, max: 2830
Val set: 20 slides, 25726 patches
  Avg patches/slide: 1286.3, min: 131, max: 3609
Job started at Sat 12 Jul 02:50:50 BST 2025 on cx3-6-26.cx3.hpc.ic.ac.uk
Class weights (Alive, Dead): [0.00076923 0.00142857]
Train set: 20 slides, 2000 patches
  Avg patches/slide: 100.0, min: 100, max: 100
Val set: 20 slides, 2000 patches
  Avg patches/slide: 100.0, min: 100, max: 100
Patch-level Confusion Matrix:
[[905 395]
 [463 237]]
Slide-level accuracy: 0.600
Saved confusion matrix as results/plots/model3_slide_confusion_matrix_epoch1.png/pdf
Slide-level Confusion Matrix:
[[11  2]
 [ 6  1]]
Slide-level classification report:
              precision    recall  f1-score   support

       Alive       0.65      0.85      0.73        13
        Dead       0.33      0.14      0.20         7

    accuracy                           0.60        20
   macro avg       0.49      0.49      0.47        20
weighted avg       0.54      0.60      0.55        20

Epoch 1/10 | Train Loss: 0.6340 | Train Acc: 0.647 | Val Loss: 0.8183 | Val Acc: 0.571 | Slide Acc: 0.600
Patch-level Confusion Matrix:
[[848 452]
 [366 334]]
Slide-level accuracy: 0.800
Saved confusion matrix as results/plots/model3_slide_confusion_matrix_epoch2.png/pdf
Slide-level Confusion Matrix:
[[12  1]
 [ 3  4]]
Slide-level classification report:
              precision    recall  f1-score   support

       Alive       0.80      0.92      0.86        13
        Dead       0.80      0.57      0.67         7

    accuracy                           0.80        20
   macro avg       0.80      0.75      0.76        20
weighted avg       0.80      0.80      0.79        20

Epoch 2/10 | Train Loss: 0.5877 | Train Acc: 0.702 | Val Loss: 1.4520 | Val Acc: 0.591 | Slide Acc: 0.800
Patch-level Confusion Matrix:
[[740 560]
 [328 372]]
Slide-level accuracy: 0.750
Saved confusion matrix as results/plots/model3_slide_confusion_matrix_epoch3.png/pdf
Slide-level Confusion Matrix:
[[11  2]
 [ 3  4]]
Slide-level classification report:
              precision    recall  f1-score   support

       Alive       0.79      0.85      0.81        13
        Dead       0.67      0.57      0.62         7

    accuracy                           0.75        20
   macro avg       0.73      0.71      0.72        20
weighted avg       0.74      0.75      0.75        20

Epoch 3/10 | Train Loss: 0.5663 | Train Acc: 0.696 | Val Loss: 6.0191 | Val Acc: 0.556 | Slide Acc: 0.750
Patch-level Confusion Matrix:
[[632 668]
 [299 401]]
Slide-level accuracy: 0.550
Saved confusion matrix as results/plots/model3_slide_confusion_matrix_epoch4.png/pdf
Slide-level Confusion Matrix:
[[6 7]
 [2 5]]
Slide-level classification report:
              precision    recall  f1-score   support

       Alive       0.75      0.46      0.57        13
        Dead       0.42      0.71      0.53         7

    accuracy                           0.55        20
   macro avg       0.58      0.59      0.55        20
weighted avg       0.63      0.55      0.56        20

Epoch 4/10 | Train Loss: 0.5379 | Train Acc: 0.724 | Val Loss: 1.1468 | Val Acc: 0.516 | Slide Acc: 0.550
Early stopping triggered after 4 epochs.
Saved train/val loss & acc plot to results/plots/model3_train_val_loss_acc.png/pdf
Total train patches: 2000
Total val patches:   2000
Total script running time: 58.12 minutes (3486.9 seconds)
Job ended at Sat 12 Jul 03:50:01 BST 2025
