Job started at Sun 13 Jul 19:45:48 BST 2025 on cx3-4-27.cx3.hpc.ic.ac.uk
Class weights (Alive, Dead): [5.4638836e-05 7.6080338e-05]
Train set: 20 slides, 31446 patches
  Avg patches/slide: 1572.3, min: 169, max: 2830
Val set: 20 slides, 25726 patches
  Avg patches/slide: 1286.3, min: 131, max: 3609
Patch-level Confusion Matrix:
[[8215 2139]
 [6630 8742]]
Slide-level accuracy: 0.750
Saved confusion matrix as results/plots/model3_slide_confusion_matrix_patchsizenone_epoch1.png/pdf
Slide-level Confusion Matrix:
[[11  2]
 [ 3  4]]
Slide-level classification report:
              precision    recall  f1-score   support

       Alive       0.79      0.85      0.81        13
        Dead       0.67      0.57      0.62         7

    accuracy                           0.75        20
   macro avg       0.73      0.71      0.72        20
weighted avg       0.74      0.75      0.75        20

Epoch 1/10 | Train Loss: 0.4816 | Train Acc: 0.754 | Val Loss: 5.6648 | Val Acc: 0.659 | Slide Acc: 0.750
Patch-level Confusion Matrix:
[[7052 3302]
 [5877 9495]]
Slide-level accuracy: 0.600
Saved confusion matrix as results/plots/model3_slide_confusion_matrix_patchsizenone_epoch2.png/pdf
Slide-level Confusion Matrix:
[[8 5]
 [3 4]]
Slide-level classification report:
              precision    recall  f1-score   support

       Alive       0.73      0.62      0.67        13
        Dead       0.44      0.57      0.50         7

    accuracy                           0.60        20
   macro avg       0.59      0.59      0.58        20
weighted avg       0.63      0.60      0.61        20

Epoch 2/10 | Train Loss: 0.3261 | Train Acc: 0.857 | Val Loss: 4.1890 | Val Acc: 0.643 | Slide Acc: 0.600
Patch-level Confusion Matrix:
[[7551 2803]
 [5522 9850]]
Slide-level accuracy: 0.700
Saved confusion matrix as results/plots/model3_slide_confusion_matrix_patchsizenone_epoch3.png/pdf
Slide-level Confusion Matrix:
[[9 4]
 [2 5]]
Slide-level classification report:
              precision    recall  f1-score   support

       Alive       0.82      0.69      0.75        13
        Dead       0.56      0.71      0.62         7

    accuracy                           0.70        20
   macro avg       0.69      0.70      0.69        20
weighted avg       0.73      0.70      0.71        20

Epoch 3/10 | Train Loss: 0.2336 | Train Acc: 0.904 | Val Loss: 4.0980 | Val Acc: 0.676 | Slide Acc: 0.700
Patch-level Confusion Matrix:
[[8399 1955]
 [8738 6634]]
Slide-level accuracy: 0.650
Saved confusion matrix as results/plots/model3_slide_confusion_matrix_patchsizenone_epoch4.png/pdf
Slide-level Confusion Matrix:
[[11  2]
 [ 5  2]]
Slide-level classification report:
              precision    recall  f1-score   support

       Alive       0.69      0.85      0.76        13
        Dead       0.50      0.29      0.36         7

    accuracy                           0.65        20
   macro avg       0.59      0.57      0.56        20
weighted avg       0.62      0.65      0.62        20

Epoch 4/10 | Train Loss: 0.1866 | Train Acc: 0.925 | Val Loss: 4.0251 | Val Acc: 0.584 | Slide Acc: 0.650
Patch-level Confusion Matrix:
[[7003 3351]
 [5989 9383]]
Slide-level accuracy: 0.650
Saved confusion matrix as results/plots/model3_slide_confusion_matrix_patchsizenone_epoch5.png/pdf
Slide-level Confusion Matrix:
[[9 4]
 [3 4]]
Slide-level classification report:
              precision    recall  f1-score   support

       Alive       0.75      0.69      0.72        13
        Dead       0.50      0.57      0.53         7

    accuracy                           0.65        20
   macro avg       0.62      0.63      0.63        20
weighted avg       0.66      0.65      0.65        20

Epoch 5/10 | Train Loss: 0.1581 | Train Acc: 0.938 | Val Loss: 1.5491 | Val Acc: 0.637 | Slide Acc: 0.650
Early stopping triggered after 5 epochs.
Saved train/val loss & acc plot to results/plots/model3_train_val_loss_acc_patchsizenone.png/pdf
Total train patches: 31446
Total val patches:   25726
Total script running time: 602.32 minutes (36139.2 seconds)
Job ended at Mon 14 Jul 05:49:43 BST 2025
Job started at Mon 14 Jul 12:21:04 BST 2025 on cx3-6-13.cx3.hpc.ic.ac.uk
Class weights (Alive, Dead): [4.029171e-05 4.743158e-05]
Train set: 30 slides, 45902 patches
  Avg patches/slide: 1530.1, min: 153, max: 3328
Val set: 30 slides, 40577 patches
  Avg patches/slide: 1352.6, min: 131, max: 3609
Patch-level Confusion Matrix:
[[12688  7993]
 [ 7628 12268]]
Slide-level accuracy: 0.700
Saved confusion matrix as results/plots/model3_slide_confusion_matrix_patchsizenone_epoch1.png/pdf
Slide-level Confusion Matrix:
[[15  5]
 [ 4  6]]
Slide-level classification report:
              precision    recall  f1-score   support

       Alive       0.79      0.75      0.77        20
        Dead       0.55      0.60      0.57        10

    accuracy                           0.70        30
   macro avg       0.67      0.68      0.67        30
weighted avg       0.71      0.70      0.70        30

Epoch 1/10 | Train Loss: 0.4967 | Train Acc: 0.746 | Val Loss: 6.2312 | Val Acc: 0.615 | Slide Acc: 0.700
