Job started at Fri  4 Jul 10:23:21 BST 2025 on cx3-14-2.cx3.hpc.ic.ac.uk
Job ended at Fri  4 Jul 10:23:22 BST 2025
Job started at Fri  4 Jul 10:24:46 BST 2025 on cx3-14-2.cx3.hpc.ic.ac.uk
torch.Size([3, 224, 224]) 0 TCGA-B2-4099-01Z-00-DX1
Job ended at Fri  4 Jul 12:40:13 BST 2025
Job started at Fri  4 Jul 15:37:23 BST 2025 on cx3-12-0.cx3.hpc.ic.ac.uk
Job ended at Fri  4 Jul 17:26:59 BST 2025
Job started at Fri  4 Jul 17:48:18 BST 2025 on cx3-12-3.cx3.hpc.ic.ac.uk
Epoch 01 | Train Loss 2.6363 | Val Loss nan | Train CI 0.688 | Val CI 0.629
Epoch 02 | Train Loss 2.2142 | Val Loss nan | Train CI 0.721 | Val CI 0.640
Epoch 03 | Train Loss 2.0171 | Val Loss nan | Train CI 0.735 | Val CI 0.642
Epoch 04 | Train Loss 1.9267 | Val Loss nan | Train CI 0.737 | Val CI 0.639
Epoch 05 | Train Loss 1.8406 | Val Loss nan | Train CI 0.745 | Val CI 0.647
Epoch 06 | Train Loss 1.8095 | Val Loss nan | Train CI 0.746 | Val CI 0.654
Epoch 07 | Train Loss 1.8049 | Val Loss nan | Train CI 0.745 | Val CI 0.649
Epoch 08 | Train Loss 1.8239 | Val Loss nan | Train CI 0.742 | Val CI 0.648
Epoch 09 | Train Loss 1.8106 | Val Loss nan | Train CI 0.746 | Val CI 0.650
Epoch 10 | Train Loss 1.7934 | Val Loss nan | Train CI 0.748 | Val CI 0.644
Job ended at Fri  4 Jul 20:29:28 BST 2025
Job started at Sat  5 Jul 19:03:58 BST 2025 on cx3-12-5.cx3.hpc.ic.ac.uk
Epoch 01 | Train Loss 2.6186 | Val Loss nan | Train CI 0.732 | Val CI 0.726
Epoch 02 | Train Loss 2.1439 | Val Loss nan | Train CI 0.787 | Val CI 0.741
Epoch 03 | Train Loss 1.9200 | Val Loss nan | Train CI 0.815 | Val CI 0.738
Epoch 04 | Train Loss 1.8513 | Val Loss nan | Train CI 0.818 | Val CI 0.735
Epoch 05 | Train Loss 1.9087 | Val Loss nan | Train CI 0.805 | Val CI 0.728
Epoch 06 | Train Loss 1.8709 | Val Loss nan | Train CI 0.812 | Val CI 0.733
Epoch 07 | Train Loss 1.8427 | Val Loss nan | Train CI 0.817 | Val CI 0.737
Epoch 08 | Train Loss 1.8062 | Val Loss nan | Train CI 0.815 | Val CI 0.741
Epoch 09 | Train Loss 1.8779 | Val Loss nan | Train CI 0.814 | Val CI 0.739
Epoch 10 | Train Loss 1.8267 | Val Loss nan | Train CI 0.819 | Val CI 0.736
Job ended at Sat  5 Jul 19:34:53 BST 2025
Job started at Sat  5 Jul 22:10:36 BST 2025 on cx3-12-0.cx3.hpc.ic.ac.uk
[Val] Skipping batch (NaN/Inf detected). Slide IDs: ('TCGA-B2-4099-01Z-00-DX1', 'TCGA-B2-4099-01Z-00-DX1', 'TCGA-B2-4099-01Z-00-DX1', 'TCGA-B2-4099-01Z-00-DX1', 'TCGA-B2-4099-01Z-00-DX1', 'TCGA-B2-4099-01Z-00-DX1', 'TCGA-B2-4099-01Z-00-DX1', 'TCGA-B2-4099-01Z-00-DX1', 'TCGA-B2-4099-01Z-00-DX1', 'TCGA-B2-4099-01Z-00-DX1', 'TCGA-B2-4099-01Z-00-DX1', 'TCGA-B2-4099-01Z-00-DX1', 'TCGA-B2-4099-01Z-00-DX1', 'TCGA-B2-4099-01Z-00-DX1', 'TCGA-B2-4099-01Z-00-DX1', 'TCGA-B2-4099-01Z-00-DX1', 'TCGA-B2-4099-01Z-00-DX1', 'TCGA-B2-4099-01Z-00-DX1', 'TCGA-B2-4099-01Z-00-DX1', 'TCGA-B2-4099-01Z-00-DX1', 'TCGA-B2-4099-01Z-00-DX1', 'TCGA-B2-4099-01Z-00-DX1', 'TCGA-B2-4099-01Z-00-DX1', 'TCGA-B2-4099-01Z-00-DX1', 'TCGA-B2-4099-01Z-00-DX1', 'TCGA-B2-4099-01Z-00-DX1', 'TCGA-B2-4099-01Z-00-DX1', 'TCGA-B2-4099-01Z-00-DX1', 'TCGA-B2-4099-01Z-00-DX1', 'TCGA-B2-4099-01Z-00-DX1', 'TCGA-B2-4099-01Z-00-DX1', 'TCGA-B2-4099-01Z-00-DX1')
[Val] Skipping batch (NaN/Inf detected). Slide IDs: ('TCGA-B2-4099-01Z-00-DX1', 'TCGA-B2-4099-01Z-00-DX1', 'TCGA-B2-4099-01Z-00-DX1', 'TCGA-B2-4099-01Z-00-DX1', 'TCGA-B2-4099-01Z-00-DX1', 'TCGA-B2-4099-01Z-00-DX1', 'TCGA-B2-4099-01Z-00-DX1', 'TCGA-B2-4099-01Z-00-DX1', 'TCGA-B2-4099-01Z-00-DX1', 'TCGA-B2-4099-01Z-00-DX1', 'TCGA-B2-4099-01Z-00-DX1', 'TCGA-B2-4099-01Z-00-DX1', 'TCGA-B2-4099-01Z-00-DX1', 'TCGA-B2-4099-01Z-00-DX1', 'TCGA-B2-4099-01Z-00-DX1', 'TCGA-B2-4099-01Z-00-DX1', 'TCGA-B2-4099-01Z-00-DX1', 'TCGA-B2-4099-01Z-00-DX1', 'TCGA-B8-4146-01Z-00-DX1', 'TCGA-B8-4146-01Z-00-DX1', 'TCGA-B8-4146-01Z-00-DX1', 'TCGA-B8-4146-01Z-00-DX1', 'TCGA-B8-4146-01Z-00-DX1', 'TCGA-B8-4146-01Z-00-DX1', 'TCGA-B8-4146-01Z-00-DX1', 'TCGA-B8-4146-01Z-00-DX1', 'TCGA-B8-4146-01Z-00-DX1', 'TCGA-B8-4146-01Z-00-DX1', 'TCGA-B8-4146-01Z-00-DX1', 'TCGA-B8-4146-01Z-00-DX1', 'TCGA-B8-4146-01Z-00-DX1', 'TCGA-B8-4146-01Z-00-DX1')
[Val] Skipping batch (NaN/Inf detected). Slide IDs: ('TCGA-B8-4146-01Z-00-DX1', 'TCGA-B8-4146-01Z-00-DX1', 'TCGA-B8-4146-01Z-00-DX1', 'TCGA-B8-4146-01Z-00-DX1', 'TCGA-B8-4146-01Z-00-DX1', 'TCGA-B8-4146-01Z-00-DX1', 'TCGA-B8-4146-01Z-00-DX1', 'TCGA-B8-4146-01Z-00-DX1', 'TCGA-B8-4146-01Z-00-DX1', 'TCGA-B8-4146-01Z-00-DX1', 'TCGA-B8-4146-01Z-00-DX1', 'TCGA-B8-4146-01Z-00-DX1', 'TCGA-B8-4146-01Z-00-DX1', 'TCGA-B8-4146-01Z-00-DX1', 'TCGA-B8-4146-01Z-00-DX1', 'TCGA-B8-4146-01Z-00-DX1', 'TCGA-B8-4146-01Z-00-DX1', 'TCGA-B8-4146-01Z-00-DX1', 'TCGA-B8-4146-01Z-00-DX1', 'TCGA-B8-4146-01Z-00-DX1', 'TCGA-B8-4146-01Z-00-DX1', 'TCGA-B8-4146-01Z-00-DX1', 'TCGA-B8-4146-01Z-00-DX1', 'TCGA-B8-4146-01Z-00-DX1', 'TCGA-B8-4146-01Z-00-DX1', 'TCGA-B8-4146-01Z-00-DX1', 'TCGA-B8-4146-01Z-00-DX1', 'TCGA-B8-4146-01Z-00-DX1', 'TCGA-B8-4146-01Z-00-DX1', 'TCGA-B8-4146-01Z-00-DX1', 'TCGA-B8-4146-01Z-00-DX1', 'TCGA-B8-4146-01Z-00-DX1')
[Val] Skipping batch (NaN/Inf detected). Slide IDs: ('TCGA-BP-4162-01Z-00-DX1', 'TCGA-BP-4162-01Z-00-DX1', 'TCGA-BP-4162-01Z-00-DX1', 'TCGA-BP-4162-01Z-00-DX1', 'TCGA-BP-4162-01Z-00-DX1', 'TCGA-BP-4162-01Z-00-DX1', 'TCGA-BP-4162-01Z-00-DX1', 'TCGA-BP-4162-01Z-00-DX1', 'TCGA-BP-4162-01Z-00-DX1', 'TCGA-BP-4162-01Z-00-DX1', 'TCGA-BP-4162-01Z-00-DX1', 'TCGA-BP-4162-01Z-00-DX1', 'TCGA-BP-4162-01Z-00-DX1', 'TCGA-BP-4162-01Z-00-DX1', 'TCGA-BP-4162-01Z-00-DX1', 'TCGA-BP-4162-01Z-00-DX1', 'TCGA-BP-4162-01Z-00-DX1', 'TCGA-BP-4162-01Z-00-DX1', 'TCGA-BP-4162-01Z-00-DX1', 'TCGA-BP-4162-01Z-00-DX1', 'TCGA-BP-4162-01Z-00-DX1', 'TCGA-BP-4162-01Z-00-DX1', 'TCGA-BP-4162-01Z-00-DX1', 'TCGA-BP-4162-01Z-00-DX1', 'TCGA-BP-4162-01Z-00-DX1', 'TCGA-BP-4162-01Z-00-DX1', 'TCGA-BP-4162-01Z-00-DX1', 'TCGA-BP-4162-01Z-00-DX1', 'TCGA-BP-4162-01Z-00-DX1', 'TCGA-BP-4162-01Z-00-DX1', 'TCGA-BP-4162-01Z-00-DX1', 'TCGA-BP-4162-01Z-00-DX1')
Job ended at Sat  5 Jul 22:51:03 BST 2025
